\BOOKMARK [0][-]{chapter*.1}{Acknowledgements}{}% 1
\BOOKMARK [0][-]{chapter*.2}{Abstract}{}% 2
\BOOKMARK [0][-]{section*.4}{List of figures}{}% 3
\BOOKMARK [0][-]{section*.6}{List of tables}{}% 4
\BOOKMARK [0][-]{chapter*.8}{Introduction}{}% 5
\BOOKMARK [0][-]{chapter.1}{Sparse Linear Algebra in Machine Learning}{}% 6
\BOOKMARK [1][-]{section.1.1}{The Frequency of Sparse Data}{chapter.1}% 7
\BOOKMARK [1][-]{section.1.2}{What Sparse linear Algebra resolve and optimize}{chapter.1}% 8
\BOOKMARK [1][-]{section.1.3}{Formats}{chapter.1}% 9
\BOOKMARK [2][-]{subsection.1.3.1}{Matrices}{section.1.3}% 10
\BOOKMARK [2][-]{subsection.1.3.2}{Tensors - Multi-dimensional arrays}{section.1.3}% 11
\BOOKMARK [0][-]{chapter.2}{Deeplearning4j Library Overview}{}% 12
\BOOKMARK [1][-]{section.2.1}{Structure of the library}{chapter.2}% 13
\BOOKMARK [1][-]{section.2.2}{Backend ?}{chapter.2}% 14
\BOOKMARK [0][-]{chapter.3}{Sparse Linear Algebra}{}% 15
\BOOKMARK [0][-]{chapter.4}{Sparse Formats}{}% 16
\BOOKMARK [1][-]{section.4.1}{Vectors and Matrices}{chapter.4}% 17
\BOOKMARK [2][-]{subsection.4.1.1}{Coordinate format \(COO\)}{section.4.1}% 18
\BOOKMARK [2][-]{subsection.4.1.2}{Compressed Row Format \(CSR\)}{section.4.1}% 19
\BOOKMARK [2][-]{subsection.4.1.3}{Compressed Colum Format \(CSC\)}{section.4.1}% 20
\BOOKMARK [1][-]{section.4.2}{Tensors / N-dimensional arrays}{chapter.4}% 21
\BOOKMARK [0][-]{chapter.5}{Sparse Matrix and Vector in Dl4J}{}% 22
\BOOKMARK [1][-]{section.5.1}{First COO implementation}{chapter.5}% 23
\BOOKMARK [2][-]{subsection.5.1.1}{Limitations}{section.5.1}% 24
\BOOKMARK [1][-]{section.5.2}{CSR format implementation}{chapter.5}% 25
\BOOKMARK [2][-]{subsection.5.2.1}{?}{section.5.2}% 26
\BOOKMARK [2][-]{subsection.5.2.2}{Adding a value}{section.5.2}% 27
\BOOKMARK [2][-]{subsection.5.2.3}{Retrieve a value}{section.5.2}% 28
\BOOKMARK [2][-]{subsection.5.2.4}{Representation}{section.5.2}% 29
\BOOKMARK [2][-]{subsection.5.2.5}{Operations}{section.5.2}% 30
\BOOKMARK [2][-]{subsection.5.2.6}{Limitations}{section.5.2}% 31
\BOOKMARK [0][-]{chapter.6}{Sparse Tensor in Dl4j}{}% 32
\BOOKMARK [0][-]{chapter.7}{Mathematics}{}% 33
\BOOKMARK [1][-]{section.7.1}{Very important formulas}{chapter.7}% 34
\BOOKMARK [0][-]{appendix.A}{An appendix}{}% 35
\BOOKMARK [0][-]{appendix*.13}{Bibliography}{}% 36
